Using pre-set license
Built from '2020.3/staging' branch; Version is '2020.3.6f1 (338bb68529b2) revision 3378102'; Using compiler version '192528614'; Build Type 'Release'
OS: 'Windows 10 Home; OS build 19044.1526; Version 2009; 64bit' Language: 'nl' Physical Memory: 16272 MB
BatchMode: 1, IsHumanControllingUs: 0, StartBugReporterOnCrash: 0, Is64bit: 1, IsPro: 0

 COMMAND LINE ARGUMENTS:
C:\Program Files\Unity\Hub\Editor\2020.3.6f1\Editor\Unity.exe
-adb2
-batchMode
-noUpm
-name
AssetImportWorker0
-projectPath
C:/Users/fpwee/f1m1/MA/Bewijzenmap/Leerjaar2/Periode3/VRGame/ProjectR
-logFile
Logs/AssetImportWorker0.log
-srvPort
65054
Successfully changed project path to: C:/Users/fpwee/f1m1/MA/Bewijzenmap/Leerjaar2/Periode3/VRGame/ProjectR
C:/Users/fpwee/f1m1/MA/Bewijzenmap/Leerjaar2/Periode3/VRGame/ProjectR
Using Asset Import Pipeline V2.
Refreshing native plugins compatible for Editor in 34.67 ms, found 1 plugins.
Preloading 0 native plugins for Editor in 0.00 ms.
Initialize engine version: 2020.3.6f1 (338bb68529b2)
[Subsystems] Discovering subsystems at path C:/Program Files/Unity/Hub/Editor/2020.3.6f1/Editor/Data/Resources/UnitySubsystems
[Subsystems] Discovering subsystems at path C:/Users/fpwee/f1m1/MA/Bewijzenmap/Leerjaar2/Periode3/VRGame/ProjectR/Assets
GfxDevice: creating device client; threaded=0
Direct3D:
    Version:  Direct3D 11.0 [level 11.1]
    Renderer: NVIDIA GeForce GTX 1050 Ti (ID=0x1c8c)
    Vendor:   
    VRAM:     4018 MB
    Driver:   30.0.14.9733
Initialize mono
Mono path[0] = 'C:/Program Files/Unity/Hub/Editor/2020.3.6f1/Editor/Data/Managed'
Mono path[1] = 'C:/Program Files/Unity/Hub/Editor/2020.3.6f1/Editor/Data/MonoBleedingEdge/lib/mono/unityjit'
Mono config path = 'C:/Program Files/Unity/Hub/Editor/2020.3.6f1/Editor/Data/MonoBleedingEdge/etc'
Using monoOptions --debugger-agent=transport=dt_socket,embedding=1,server=y,suspend=n,address=127.0.0.1:56756
Begin MonoManager ReloadAssembly
Registering precompiled unity dll's ...
Register platform support module: C:/Program Files/Unity/Hub/Editor/2020.3.6f1/Editor/Data/PlaybackEngines/WindowsStandaloneSupport/UnityEditor.WindowsStandalone.Extensions.dll
Registered in 0.002876 seconds.
Native extension for WindowsStandalone target not found
Refreshing native plugins compatible for Editor in 33.27 ms, found 1 plugins.
Preloading 0 native plugins for Editor in 0.00 ms.
Mono: successfully reloaded assembly
- Completed reload, in  1.154 seconds
Platform modules already initialized, skipping
Registering precompiled user dll's ...
Registered in 0.001269 seconds.
Begin MonoManager ReloadAssembly
Native extension for WindowsStandalone target not found
Refreshing native plugins compatible for Editor in 32.67 ms, found 1 plugins.
Preloading 0 native plugins for Editor in 0.00 ms.
Mono: successfully reloaded assembly
- Completed reload, in  0.907 seconds
Platform modules already initialized, skipping
========================================================================
Worker process is ready to serve import requests
Launched and connected shader compiler UnityShaderCompiler.exe after 0.05 seconds
Refreshing native plugins compatible for Editor in 0.34 ms, found 1 plugins.
Preloading 0 native plugins for Editor in 0.00 ms.
Unloading 1808 Unused Serialized files (Serialized files now loaded: 0)
System memory in use before: 84.9 MB.
System memory in use after: 84.8 MB.

Unloading 24 unused Assets to reduce memory usage. Loaded Objects now: 2250.
Total: 1.954500 ms (FindLiveObjects: 0.161000 ms CreateObjectMapping: 0.061700 ms MarkObjects: 1.619000 ms  DeleteObjects: 0.112100 ms)

========================================================================
Received Import Request.
  path: Assets/Art/Player
  artifactKey: Guid(1c589bdf82c4b9045a1b2ad45e75d9a9) Importer(815301076,1909f56bfc062723c751e8b465ee728b)
Start importing Assets/Art/Player using Guid(1c589bdf82c4b9045a1b2ad45e75d9a9) Importer(815301076,1909f56bfc062723c751e8b465ee728b)  -> (artifact id: '9838c92476d5401a9401ee1452fcc49c') in 0.006399 seconds
  Import took 0.008959 seconds .

========================================================================
Received Import Request.
  Time since last request: 0.000452 seconds.
  path: Assets/Art/Player/PlayerShoot.png
  artifactKey: Guid(e68ecd4c259d1624e86b448b2afdb7a8) Importer(815301076,1909f56bfc062723c751e8b465ee728b)
Start importing Assets/Art/Player/PlayerShoot.png using Guid(e68ecd4c259d1624e86b448b2afdb7a8) Importer(815301076,1909f56bfc062723c751e8b465ee728b)  -> (artifact id: 'd66be390a5be36c639c60fc971ba6d80') in 0.127103 seconds
  Import took 0.129637 seconds .

========================================================================
Received Import Request.
  Time since last request: 0.000483 seconds.
  path: Assets/Art
  artifactKey: Guid(1195744bf2ae96d498f339f202a5a3c4) Importer(815301076,1909f56bfc062723c751e8b465ee728b)
Start importing Assets/Art using Guid(1195744bf2ae96d498f339f202a5a3c4) Importer(815301076,1909f56bfc062723c751e8b465ee728b)  -> (artifact id: 'e23378a147ed2d86d558067ee525e090') in 0.003826 seconds
  Import took 0.006287 seconds .

========================================================================
Received Import Request.
  Time since last request: 0.000488 seconds.
  path: Assets/Art/Player/Player.png
  artifactKey: Guid(4a9e08512e02f6e44b08298db9ba4bb3) Importer(815301076,1909f56bfc062723c751e8b465ee728b)
Start importing Assets/Art/Player/Player.png using Guid(4a9e08512e02f6e44b08298db9ba4bb3) Importer(815301076,1909f56bfc062723c751e8b465ee728b)  -> (artifact id: '77f634a545048968ce365663873959af') in 0.011662 seconds
  Import took 0.014737 seconds .

========================================================================
Received Import Request.
  Time since last request: 0.004870 seconds.
  path: Assets/Art/Player/Player.png
  artifactKey: Guid(4a9e08512e02f6e44b08298db9ba4bb3) Importer(815301076,1909f56bfc062723c751e8b465ee728b)
Start importing Assets/Art/Player/Player.png using Guid(4a9e08512e02f6e44b08298db9ba4bb3) Importer(815301076,1909f56bfc062723c751e8b465ee728b)  -> (artifact id: '77f634a545048968ce365663873959af') in 0.010717 seconds
  Import took 0.013526 seconds .

========================================================================
Received Import Request.
  Time since last request: 0.830849 seconds.
  path: Assets/Art/Shots
  artifactKey: Guid(3420e4d892cd6f1459d4fb030e461c42) Importer(815301076,1909f56bfc062723c751e8b465ee728b)
Start importing Assets/Art/Shots using Guid(3420e4d892cd6f1459d4fb030e461c42) Importer(815301076,1909f56bfc062723c751e8b465ee728b)  -> (artifact id: '635732d32a73794bf38719e023e64aa1') in 0.004804 seconds
  Import took 0.008147 seconds .

========================================================================
Received Import Request.
  Time since last request: 0.855194 seconds.
  path: Assets/Art/Shots/BulletPlayer.png
  artifactKey: Guid(48d8df1da842a93429ebfbc1c795a577) Importer(815301076,1909f56bfc062723c751e8b465ee728b)
Start importing Assets/Art/Shots/BulletPlayer.png using Guid(48d8df1da842a93429ebfbc1c795a577) Importer(815301076,1909f56bfc062723c751e8b465ee728b)  -> (artifact id: '5f5729fe9380e95b2da1a0c9a9e0d3cd') in 0.014363 seconds
  Import took 0.017268 seconds .

AssetImportWorkerClient::OnTransportError - code=2 error=End of file
